Assembler report for SoC_Brain
Thu Apr 13 12:15:29 2017
Quartus Prime Version 16.0.0 Build 211 04/27/2016 SJ Lite Edition


---------------------
; Table of Contents ;
---------------------
  1. Legal Notice
  2. Assembler Summary
  3. Assembler Settings
  4. Assembler Encrypted IP Cores Summary
  5. Assembler Generated Files
  6. Assembler Device Options: C:/Users/KMH/Desktop/SoC Brain/output_files/SoC_Brain.sof
  7. Assembler Messages



----------------
; Legal Notice ;
----------------
Copyright (C) 1991-2016 Altera Corporation. All rights reserved.
Your use of Altera Corporation's design tools, logic functions 
and other software and tools, and its AMPP partner logic 
functions, and any output files from any of the foregoing 
(including device programming or simulation files), and any 
associated documentation or information are expressly subject 
to the terms and conditions of the Altera Program License 
Subscription Agreement, the Altera Quartus Prime License Agreement,
the Altera MegaCore Function License Agreement, or other 
applicable license agreement, including, without limitation, 
that your use is for the sole purpose of programming logic 
devices manufactured by Altera and sold by Altera or its 
authorized distributors.  Please refer to the applicable 
agreement for further details.



+---------------------------------------------------------------+
; Assembler Summary                                             ;
+-----------------------+---------------------------------------+
; Assembler Status      ; Successful - Thu Apr 13 12:15:29 2017 ;
; Revision Name         ; SoC_Brain                             ;
; Top-level Entity Name ; FPGA_Processing                       ;
; Family                ; Cyclone IV E                          ;
; Device                ; EP4CE75U19I7                          ;
+-----------------------+---------------------------------------+


+----------------------------------+
; Assembler Settings               ;
+--------+---------+---------------+
; Option ; Setting ; Default Value ;
+--------+---------+---------------+


+------------------------------------------------+
; Assembler Encrypted IP Cores Summary           ;
+--------+------------------------+--------------+
; Vendor ; IP Core Name           ; License Type ;
+--------+------------------------+--------------+
; Altera ; Signal Tap (6AF7 BCE1) ; Licensed     ;
; Altera ; Signal Tap (6AF7 BCEC) ; Licensed     ;
+--------+------------------------+--------------+


+-----------------------------------------------------------+
; Assembler Generated Files                                 ;
+-----------------------------------------------------------+
; File Name                                                 ;
+-----------------------------------------------------------+
; C:/Users/KMH/Desktop/SoC Brain/output_files/SoC_Brain.sof ;
+-----------------------------------------------------------+


+-------------------------------------------------------------------------------------+
; Assembler Device Options: C:/Users/KMH/Desktop/SoC Brain/output_files/SoC_Brain.sof ;
+----------------+--------------------------------------------------------------------+
; Option         ; Setting                                                            ;
+----------------+--------------------------------------------------------------------+
; Device         ; EP4CE75U19I7                                                       ;
; JTAG usercode  ; 0x004DEF00                                                         ;
; Checksum       ; 0x004DEF00                                                         ;
+----------------+--------------------------------------------------------------------+


+--------------------+
; Assembler Messages ;
+--------------------+
Info: *******************************************************************
Info: Running Quartus Prime Assembler
    Info: Version 16.0.0 Build 211 04/27/2016 SJ Lite Edition
    Info: Processing started: Thu Apr 13 12:15:22 2017
Info: Command: quartus_asm --read_settings_files=off --write_settings_files=off SoC_Brain -c SoC_Brain
Warning (18236): Number of processors has not been specified which may cause overloading on shared machines.  Set the global assignment NUM_PARALLEL_PROCESSORS in your QSF to an appropriate value for best performance.
Info (115031): Writing out detailed assembly data for power analysis
Info (115030): Assembler is generating device programming files
Info: Quartus Prime Assembler was successful. 0 errors, 1 warning
    Info: Peak virtual memory: 747 megabytes
    Info: Processing ended: Thu Apr 13 12:15:29 2017
    Info: Elapsed time: 00:00:07
    Info: Total CPU time (on all processors): 00:00:05


